<?xml version="1.0" encoding="UTF-8"?>
<!-- Generated by org.testng.reporters.JUnitXMLReporter -->
<testsuite ignored="1" hostname="DESKTOP-Q4C4NUA" failures="0" tests="1" name="Default test" time="40.109" errors="0" timestamp="2024-03-10T14:35:14 IST">
  <testcase classname="Flipkart.Flipkart_website.AddtocardTest" name="addedcart" time="33.789"/>
  <testcase classname="Flipkart.Flipkart_website.AddtocardTest" name="verifyLogo" time="0.0">
    <ignored/>
  </testcase> <!-- verifyLogo -->
</testsuite> <!-- Default test -->
