<?xml version="1.0" encoding="UTF-8"?>
<testng-results ignored="0" total="1" passed="1" failed="0" skipped="0">
  <reporter-output>
  </reporter-output>
  <suite started-at="2024-03-10T14:34:34 IST" name="Default suite" finished-at="2024-03-10T14:35:14 IST" duration-ms="40109">
    <groups>
    </groups>
    <test started-at="2024-03-10T14:34:34 IST" name="Default test" finished-at="2024-03-10T14:35:14 IST" duration-ms="40109">
      <class name="Flipkart.Flipkart_website.AddtocardTest">
        <test-method is-config="true" signature="launchApp()[pri:0, instance:Flipkart.Flipkart_website.AddtocardTest@54c5a2ff]" started-at="2024-03-10T14:34:34 IST" name="launchApp" finished-at="2024-03-10T14:34:39 IST" duration-ms="4915" status="PASS">
          <reporter-output>
          </reporter-output>
        </test-method> <!-- launchApp -->
        <test-method signature="addedcart()[pri:0, instance:Flipkart.Flipkart_website.AddtocardTest@54c5a2ff]" started-at="2024-03-10T14:34:39 IST" name="addedcart" finished-at="2024-03-10T14:35:13 IST" duration-ms="33789" status="PASS">
          <reporter-output>
          </reporter-output>
        </test-method> <!-- addedcart -->
        <test-method is-config="true" signature="tearDown()[pri:0, instance:Flipkart.Flipkart_website.AddtocardTest@54c5a2ff]" started-at="2024-03-10T14:35:13 IST" name="tearDown" finished-at="2024-03-10T14:35:14 IST" duration-ms="1363" status="PASS">
          <reporter-output>
          </reporter-output>
        </test-method> <!-- tearDown -->
      </class> <!-- Flipkart.Flipkart_website.AddtocardTest -->
    </test> <!-- Default test -->
  </suite> <!-- Default suite -->
</testng-results>
